Flutter crash report.
Please report a bug at https://github.com/flutter/flutter/issues.

## command

flutter run

## exception

PathAccessException: PathAccessException: Deletion failed, path = 'C:\Users\RY\AppData\Local\Temp\flutter_tools.57f430b6\flutter_tool.e5891d15' (OS Error: The process cannot access the file because it is being used by another process.
, errno = 32)

```
#0      _Directory._deleteSync (dart:io/directory_impl.dart:226:7)
#1      FileSystemEntity.deleteSync (dart:io/file_system_entity.dart:425:7)
#2      ForwardingFileSystemEntity.deleteSync (package:file/src/forwarding/forwarding_file_system_entity.dart:70:16)
#3      ErrorHandlingDirectory.deleteSync.<anonymous closure> (package:flutter_tools/src/base/error_handling_io.dart:449:22)
#4      _runSync (package:flutter_tools/src/base/error_handling_io.dart:550:14)
#5      ErrorHandlingDirectory.deleteSync (package:flutter_tools/src/base/error_handling_io.dart:448:12)
#6      ResidentRunner.preExit (package:flutter_tools/src/resident_runner.dart:1431:25)
#7      HotRunner.preExit (package:flutter_tools/src/run_hot.dart:1287:17)
<asynchronous suspension>
#8      ResidentRunner.exit (package:flutter_tools/src/resident_runner.dart:1250:5)
<asynchronous suspension>
#9      TerminalHandler._commonTerminalInputHandler (package:flutter_tools/src/resident_runner.dart:1725:9)
<asynchronous suspension>
#10     TerminalHandler.processTerminalInput (package:flutter_tools/src/resident_runner.dart:1786:7)
<asynchronous suspension>
```

## flutter doctor

```
[32m[✓][39m Flutter (Channel stable, 3.29.3, on Microsoft Windows [Version 10.0.22631.5335], locale en-IN) [562ms]
    [32m•[39m Flutter version 3.29.3 on channel stable at E:\Flutter\flutter
    [32m•[39m Upstream repository https://github.com/flutter/flutter.git
    [32m•[39m Framework revision ea121f8859 (7 weeks ago), 2025-04-11 19:10:07 +0000
    [32m•[39m Engine revision cf56914b32
    [32m•[39m Dart version 3.7.2
    [32m•[39m DevTools version 2.42.3

[32m[✓][39m Windows Version (11 Pro 64-bit, 23H2, 2009) [8.2s]

[32m[✓][39m Android toolchain - develop for Android devices (Android SDK version 35.0.1) [14.2s]
    [32m•[39m Android SDK at C:\Users\RY\AppData\Local\Android\sdk
    [32m•[39m Platform android-35, build-tools 35.0.1
    [32m•[39m Java binary at: E:\Android Studio\Android Studio\jbr\bin\java
      This is the JDK bundled with the latest Android Studio installation on this machine.
      To manually set the JDK path, use: `flutter config --jdk-dir="path/to/jdk"`.
    [32m•[39m Java version OpenJDK Runtime Environment (build 21.0.6+-13368085-b895.109)
    [32m•[39m All Android licenses accepted.

[32m[✓][39m Chrome - develop for the web [21ms]
    [32m•[39m Chrome at C:\Program Files\Google\Chrome\Application\chrome.exe

[31m[✗][39m Visual Studio - develop Windows apps [19ms]
    [31m✗[39m Visual Studio not installed; this is necessary to develop Windows apps.
      Download at https://visualstudio.microsoft.com/downloads/.
      Please install the "Desktop development with C++" workload, including all of its default components

[32m[✓][39m Android Studio (version 2024.3.2) [13ms]
    [32m•[39m Android Studio at E:\Android Studio\Android Studio
    [32m•[39m Flutter plugin can be installed from:
      🔨 https://plugins.jetbrains.com/plugin/9212-flutter
    [32m•[39m Dart plugin can be installed from:
      🔨 https://plugins.jetbrains.com/plugin/6351-dart
    [32m•[39m Java version OpenJDK Runtime Environment (build 21.0.6+-13368085-b895.109)

[32m[✓][39m VS Code (version 1.100.2) [9ms]
    [32m•[39m VS Code at C:\Users\RY\AppData\Local\Programs\Microsoft VS Code
    [32m•[39m Flutter extension version 3.110.0

[32m[✓][39m Connected device (4 available) [4.7s]
    [32m•[39m 23076RN4BI (mobile) • 192.168.142.233:5555 • android-arm64  • Android 15 (API 35)
    [32m•[39m Windows (desktop)   • windows              • windows-x64    • Microsoft Windows [Version 10.0.22631.5335]
    [32m•[39m Chrome (web)        • chrome               • web-javascript • Google Chrome 137.0.7151.55
    [32m•[39m Edge (web)          • edge                 • web-javascript • Microsoft Edge 136.0.3240.92

[32m[✓][39m Network resources [5.6s]
    [32m•[39m All expected network resources are available.

[33m![39m Doctor found issues in 1 category.
```
